DEBUG 2026-03-23 16:00:57 d_metavar.py:22 Metavar for type None: None
DEBUG 2026-03-23 16:00:57 formatter.py:52 action type: None, Result: , nargs: 0, default metavar: None
DEBUG 2026-03-23 16:00:57 d_metavar.py:22 Metavar for type <class 'str'>: str
DEBUG 2026-03-23 16:00:57 formatter.py:52 action type: <class 'str'>, Result: str, nargs: None, default metavar: None
DEBUG 2026-03-23 16:00:57 _wrapper.py:168 wrapped field at host has a default value of localhost
DEBUG 2026-03-23 16:00:57 _wrapper.py:168 wrapped field at port has a default value of 8080
DEBUG 2026-03-23 16:00:57 _wrapper.py:168 wrapped field at fps has a default value of 30
DEBUG 2026-03-23 16:00:57 _wrapper.py:168 wrapped field at inference_latency has a default value of 0.03333333333333333
DEBUG 2026-03-23 16:00:57 _wrapper.py:168 wrapped field at obs_queue_timeout has a default value of 2
DEBUG 2026-03-23 16:00:58 _wrapper.py:309 Arg options for field 'host': {'required': False, 'dest': 'host', 'default': 'localhost', 'help': 'Networking configuration', 'type': <class 'str'>}
DEBUG 2026-03-23 16:00:58 _wrapper.py:309 Arg options for field 'port': {'required': False, 'dest': 'port', 'default': 8080, 'help': ' ', 'type': <class 'int'>}
DEBUG 2026-03-23 16:00:58 _wrapper.py:309 Arg options for field 'fps': {'required': False, 'dest': 'fps', 'default': 30, 'help': 'Timing configuration', 'type': <class 'int'>}
DEBUG 2026-03-23 16:00:58 ocstring.py:253 Warning: Unable to parse attribute docstring:         default=DEFAULT_INFERENCE_LATENCY, metadata={"help": "Target inference latency in seconds"}
DEBUG 2026-03-23 16:00:58 _wrapper.py:309 Arg options for field 'inference_latency': {'required': False, 'dest': 'inference_latency', 'default': 0.03333333333333333, 'help': ' ', 'type': <class 'float'>}
DEBUG 2026-03-23 16:00:58 ocstring.py:253 Warning: Unable to parse attribute docstring:         default=DEFAULT_OBS_QUEUE_TIMEOUT, metadata={"help": "Timeout for observation queue in seconds"}
DEBUG 2026-03-23 16:00:58 _wrapper.py:309 Arg options for field 'obs_queue_timeout': {'required': False, 'dest': 'obs_queue_timeout', 'default': 2, 'help': '\n', 'type': <class 'float'>}
DEBUG 2026-03-23 16:00:58 gparsing.py:143 
POST PROCESSING

DEBUG 2026-03-23 16:00:58 gparsing.py:144 (raw) parsed args: Namespace(host='127.0.0.1', port='18080')
DEBUG 2026-03-23 16:00:58 decoding.py:112 from_dict for <class 'lerobot.async_inference.configs.PolicyServerConfig'>
DEBUG 2026-03-23 16:00:58 decoding.py:132 Decode name = host, type = <class 'str'>
DEBUG 2026-03-23 16:00:58 decoding.py:132 Decode name = port, type = <class 'int'>
INFO 2026-03-23 16:00:58 y_server.py:422 {'fps': 30,
 'host': '127.0.0.1',
 'inference_latency': 0.03333333333333333,
 'obs_queue_timeout': 2,
 'port': 18080}
INFO 2026-03-23 16:00:58 y_server.py:432 PolicyServer started on 127.0.0.1:18080
