DEBUG 2026-03-20 14:12:31 rt_utils.py:172 Third-party plugin import summary: imported=[] failed=[]
DEBUG 2026-03-20 14:12:31 d_metavar.py:22 Metavar for type None: None
DEBUG 2026-03-20 14:12:31 formatter.py:52 action type: None, Result: , nargs: 0, default metavar: None
DEBUG 2026-03-20 14:12:31 d_metavar.py:22 Metavar for type <class 'str'>: str
DEBUG 2026-03-20 14:12:31 formatter.py:52 action type: <class 'str'>, Result: str, nargs: None, default metavar: None
DEBUG 2026-03-20 14:12:31 _wrapper.py:168 wrapped field at policy_type has a default value of None
DEBUG 2026-03-20 14:12:31 _wrapper.py:168 wrapped field at pretrained_name_or_path has a default value of None
DEBUG 2026-03-20 14:12:31 _wrapper.py:168 wrapped field at actions_per_chunk has a default value of None
DEBUG 2026-03-20 14:12:31 _wrapper.py:168 wrapped field at task has a default value of 
DEBUG 2026-03-20 14:12:31 _wrapper.py:168 wrapped field at server_address has a default value of localhost:8080
DEBUG 2026-03-20 14:12:31 _wrapper.py:168 wrapped field at policy_device has a default value of cpu
DEBUG 2026-03-20 14:12:31 _wrapper.py:168 wrapped field at client_device has a default value of cpu
DEBUG 2026-03-20 14:12:31 _wrapper.py:168 wrapped field at chunk_size_threshold has a default value of 0.5
DEBUG 2026-03-20 14:12:31 _wrapper.py:168 wrapped field at fps has a default value of 30
DEBUG 2026-03-20 14:12:31 _wrapper.py:168 wrapped field at aggregate_fn_name has a default value of weighted_average
DEBUG 2026-03-20 14:12:31 _wrapper.py:201 wrapped field at rename_map has a default value of {}
DEBUG 2026-03-20 14:12:31 _wrapper.py:168 wrapped field at debug_visualize_queue_size has a default value of False
DEBUG 2026-03-20 14:12:31 _wrapper.py:309 Arg options for field 'policy_type': {'required': False, 'dest': 'policy_type', 'default': None, 'help': 'Policy configuration', 'type': <class 'str'>}
DEBUG 2026-03-20 14:12:31 _wrapper.py:309 Arg options for field 'pretrained_name_or_path': {'required': False, 'dest': 'pretrained_name_or_path', 'default': None, 'type': <class 'str'>}
DEBUG 2026-03-20 14:12:31 d_metavar.py:22 Metavar for type <class 'str'>: str
DEBUG 2026-03-20 14:12:31 formatter.py:52 action type: <class 'str'>, Result: str, nargs: None, default metavar: None
DEBUG 2026-03-20 14:12:31 _wrapper.py:309 Arg options for field 'actions_per_chunk': {'required': False, 'dest': 'actions_per_chunk', 'default': None, 'help': 'Policies typically output K actions at max, but we can use less to avoid wasting bandwidth (as actions\nwould be aggregated on the client side anyway, depending on the value of `chunk_size_threshold`)', 'type': <class 'int'>}
DEBUG 2026-03-20 14:12:31 _wrapper.py:309 Arg options for field 'task': {'required': False, 'dest': 'task', 'default': '', 'help': "Task instruction for the robot to execute (e.g., 'fold my tshirt')", 'type': <class 'str'>}
DEBUG 2026-03-20 14:12:31 _wrapper.py:309 Arg options for field 'server_address': {'required': False, 'dest': 'server_address', 'default': 'localhost:8080', 'help': 'Network configuration', 'type': <class 'str'>}
DEBUG 2026-03-20 14:12:31 _wrapper.py:309 Arg options for field 'policy_device': {'required': False, 'dest': 'policy_device', 'default': 'cpu', 'help': 'Device configuration', 'type': <class 'str'>}
DEBUG 2026-03-20 14:12:31 ocstring.py:253 Warning: Unable to parse attribute docstring:         default="cpu",
DEBUG 2026-03-20 14:12:31 _wrapper.py:309 Arg options for field 'client_device': {'required': False, 'dest': 'client_device', 'default': 'cpu', 'help': ' ', 'type': <class 'str'>}
DEBUG 2026-03-20 14:12:31 _wrapper.py:309 Arg options for field 'chunk_size_threshold': {'required': False, 'dest': 'chunk_size_threshold', 'default': 0.5, 'help': '\n\nControl behavior configuration', 'type': <class 'float'>}
DEBUG 2026-03-20 14:12:31 _wrapper.py:309 Arg options for field 'fps': {'required': False, 'dest': 'fps', 'default': 30, 'help': ' ', 'type': <class 'int'>}
DEBUG 2026-03-20 14:12:31 ocstring.py:253 Warning: Unable to parse attribute docstring:         default="weighted_average",
DEBUG 2026-03-20 14:12:31 _wrapper.py:309 Arg options for field 'aggregate_fn_name': {'required': False, 'dest': 'aggregate_fn_name', 'default': 'weighted_average', 'help': 'Aggregate function configuration (CLI-compatible)', 'type': <class 'str'>}
DEBUG 2026-03-20 14:12:31 ocstring.py:253 Warning: Unable to parse attribute docstring:         default_factory=dict,
DEBUG 2026-03-20 14:12:31 _wrapper.py:309 Arg options for field 'rename_map': {'required': False, 'dest': 'rename_map', 'default': {}, 'help': '\n\n\nRename map for observations', 'type': typing.Dict[str, str]}
DEBUG 2026-03-20 14:12:31 ocstring.py:253 Warning: Unable to parse attribute docstring:         default=False, metadata={"help": "Visualize the action queue size"}
DEBUG 2026-03-20 14:12:31 _wrapper.py:309 Arg options for field 'debug_visualize_queue_size': {'required': False, 'dest': 'debug_visualize_queue_size', 'default': False, 'help': '\n\n\nDebug configuration', 'type': <class 'bool'>}
DEBUG 2026-03-20 14:12:31 d_metavar.py:22 Metavar for type <class 'str'>: str
DEBUG 2026-03-20 14:12:31 formatter.py:52 action type: <class 'str'>, Result: str, nargs: None, default metavar: str
DEBUG 2026-03-20 14:12:31 d_metavar.py:22 Metavar for type <class 'str'>: str
DEBUG 2026-03-20 14:12:31 formatter.py:52 action type: <class 'str'>, Result: str, nargs: None, default metavar: str
DEBUG 2026-03-20 14:12:31 d_metavar.py:22 Metavar for type <class 'str'>: str
DEBUG 2026-03-20 14:12:31 formatter.py:52 action type: <class 'str'>, Result: str, nargs: None, default metavar: str
DEBUG 2026-03-20 14:12:31 d_metavar.py:22 Metavar for type <class 'str'>: str
DEBUG 2026-03-20 14:12:31 formatter.py:52 action type: <class 'str'>, Result: str, nargs: None, default metavar: str
DEBUG 2026-03-20 14:12:31 d_metavar.py:22 Metavar for type <class 'str'>: str
DEBUG 2026-03-20 14:12:31 formatter.py:52 action type: <class 'str'>, Result: str, nargs: None, default metavar: str
DEBUG 2026-03-20 14:12:31 d_metavar.py:22 Metavar for type <class 'str'>: str
DEBUG 2026-03-20 14:12:31 formatter.py:52 action type: <class 'str'>, Result: str, nargs: None, default metavar: str
DEBUG 2026-03-20 14:12:31 d_metavar.py:22 Metavar for type <class 'str'>: str
DEBUG 2026-03-20 14:12:31 formatter.py:52 action type: <class 'str'>, Result: str, nargs: None, default metavar: str
DEBUG 2026-03-20 14:12:31 d_metavar.py:22 Metavar for type <class 'str'>: str
DEBUG 2026-03-20 14:12:31 formatter.py:52 action type: <class 'str'>, Result: str, nargs: None, default metavar: str
DEBUG 2026-03-20 14:12:31 d_metavar.py:22 Metavar for type <class 'str'>: str
DEBUG 2026-03-20 14:12:31 formatter.py:52 action type: <class 'str'>, Result: str, nargs: None, default metavar: str
DEBUG 2026-03-20 14:12:31 d_metavar.py:22 Metavar for type <class 'str'>: str
DEBUG 2026-03-20 14:12:31 formatter.py:52 action type: <class 'str'>, Result: str, nargs: None, default metavar: str
DEBUG 2026-03-20 14:12:31 d_metavar.py:22 Metavar for type <class 'str'>: str
DEBUG 2026-03-20 14:12:31 formatter.py:52 action type: <class 'str'>, Result: str, nargs: None, default metavar: str
DEBUG 2026-03-20 14:12:31 d_metavar.py:22 Metavar for type <class 'str'>: str
DEBUG 2026-03-20 14:12:31 formatter.py:52 action type: <class 'str'>, Result: str, nargs: None, default metavar: str
DEBUG 2026-03-20 14:12:31 d_metavar.py:22 Metavar for type <class 'str'>: str
DEBUG 2026-03-20 14:12:31 formatter.py:52 action type: <class 'str'>, Result: str, nargs: None, default metavar: str
DEBUG 2026-03-20 14:12:31 d_metavar.py:22 Metavar for type <class 'str'>: str
DEBUG 2026-03-20 14:12:31 formatter.py:52 action type: <class 'str'>, Result: str, nargs: None, default metavar: str
DEBUG 2026-03-20 14:12:31 d_metavar.py:22 Metavar for type <class 'str'>: str
DEBUG 2026-03-20 14:12:31 formatter.py:52 action type: <class 'str'>, Result: str, nargs: None, default metavar: str
DEBUG 2026-03-20 14:12:31 d_metavar.py:22 Metavar for type <class 'str'>: str
DEBUG 2026-03-20 14:12:31 formatter.py:52 action type: <class 'str'>, Result: str, nargs: None, default metavar: str
DEBUG 2026-03-20 14:12:31 d_metavar.py:22 Metavar for type <class 'str'>: str
DEBUG 2026-03-20 14:12:31 formatter.py:52 action type: <class 'str'>, Result: str, nargs: None, default metavar: str
DEBUG 2026-03-20 14:12:31 d_metavar.py:22 Metavar for type <class 'str'>: str
DEBUG 2026-03-20 14:12:31 formatter.py:52 action type: <class 'str'>, Result: str, nargs: None, default metavar: str
DEBUG 2026-03-20 14:12:31 d_metavar.py:22 Metavar for type <class 'str'>: str
DEBUG 2026-03-20 14:12:31 formatter.py:52 action type: <class 'str'>, Result: str, nargs: None, default metavar: str
DEBUG 2026-03-20 14:12:31 d_metavar.py:22 Metavar for type <class 'str'>: str
DEBUG 2026-03-20 14:12:31 formatter.py:52 action type: <class 'str'>, Result: str, nargs: None, default metavar: str
DEBUG 2026-03-20 14:12:31 d_metavar.py:22 Metavar for type <class 'str'>: str
DEBUG 2026-03-20 14:12:31 formatter.py:52 action type: <class 'str'>, Result: str, nargs: None, default metavar: str
DEBUG 2026-03-20 14:12:31 d_metavar.py:22 Metavar for type <class 'str'>: str
DEBUG 2026-03-20 14:12:31 formatter.py:52 action type: <class 'str'>, Result: str, nargs: None, default metavar: str
DEBUG 2026-03-20 14:12:31 d_metavar.py:22 Metavar for type <class 'str'>: str
DEBUG 2026-03-20 14:12:31 formatter.py:52 action type: <class 'str'>, Result: str, nargs: None, default metavar: str
DEBUG 2026-03-20 14:12:31 d_metavar.py:22 Metavar for type <class 'str'>: str
DEBUG 2026-03-20 14:12:31 formatter.py:52 action type: <class 'str'>, Result: str, nargs: None, default metavar: str
DEBUG 2026-03-20 14:12:31 d_metavar.py:22 Metavar for type <class 'str'>: str
DEBUG 2026-03-20 14:12:31 formatter.py:52 action type: <class 'str'>, Result: str, nargs: None, default metavar: str
DEBUG 2026-03-20 14:12:31 d_metavar.py:22 Metavar for type <class 'str'>: str
DEBUG 2026-03-20 14:12:31 formatter.py:52 action type: <class 'str'>, Result: str, nargs: None, default metavar: str
DEBUG 2026-03-20 14:12:31 d_metavar.py:22 Metavar for type <class 'str'>: str
DEBUG 2026-03-20 14:12:31 formatter.py:52 action type: <class 'str'>, Result: str, nargs: None, default metavar: str
DEBUG 2026-03-20 14:12:31 d_metavar.py:22 Metavar for type <class 'str'>: str
DEBUG 2026-03-20 14:12:31 formatter.py:52 action type: <class 'str'>, Result: str, nargs: None, default metavar: str
DEBUG 2026-03-20 14:12:31 d_metavar.py:22 Metavar for type <class 'str'>: str
DEBUG 2026-03-20 14:12:31 formatter.py:52 action type: <class 'str'>, Result: str, nargs: None, default metavar: str
DEBUG 2026-03-20 14:12:31 d_metavar.py:22 Metavar for type <class 'str'>: str
DEBUG 2026-03-20 14:12:31 formatter.py:52 action type: <class 'str'>, Result: str, nargs: None, default metavar: str
